listen on 3000
mongodb connected on mongodb://localhost:27017/prjcmk-s
[00:17:34.498] GET /index.html
[00:17:34.520] GET /css/normalize.css
[00:17:34.531] GET /css/sweetalert.css
[00:17:34.532] GET /css/default.css
[00:17:34.533] GET /js/jquery.min.js
[00:17:34.533] GET /js/jquery.qrcode.min.js
[00:17:34.534] GET /js/rx.lite.js
[00:17:34.535] GET /js/mustache.min.js
[00:17:34.547] GET /js/sweetalert.min.js
[00:17:34.548] GET /js/utility.js
[00:17:34.548] GET /js/main.js
[00:17:34.720] GET /sync
[00:17:34.747] GET /css/sync.css
[00:17:34.752] GET /js/sync.js?_=1470003454587
[00:17:40.983] GET /index.html
[00:17:41.022] GET /css/normalize.css
[00:17:41.023] GET /css/sweetalert.css
[00:17:41.024] GET /css/default.css
[00:17:41.024] GET /js/jquery.min.js
[00:17:41.034] GET /js/jquery.qrcode.min.js
[00:17:41.035] GET /js/rx.lite.js
[00:17:41.040] GET /js/mustache.min.js
[00:17:41.041] GET /js/sweetalert.min.js
[00:17:41.042] GET /js/utility.js
[00:17:41.042] GET /js/main.js
[00:17:41.196] GET /sync
[00:17:41.214] GET /css/sync.css
[00:17:41.218] GET /js/sync.js?_=1470003461082
[00:17:45.583] GET /index.html
[00:17:45.598] GET /css/normalize.css
[00:17:45.610] GET /css/sweetalert.css
[00:17:45.611] GET /css/default.css
[00:17:45.612] GET /js/jquery.min.js
[00:17:45.613] GET /js/jquery.qrcode.min.js
[00:17:45.614] GET /js/rx.lite.js
[00:17:45.615] GET /js/mustache.min.js
[00:17:45.627] GET /js/sweetalert.min.js
[00:17:45.628] GET /js/utility.js
[00:17:45.628] GET /js/main.js
[00:17:45.797] GET /sync
[00:17:45.804] GET /css/sync.css
[00:17:45.809] GET /js/sync.js?_=1470003465669
[00:19:30.086] GET /index.html
[00:19:30.098] GET /css/normalize.css
[00:19:30.099] GET /css/sweetalert.css
[00:19:30.099] GET /css/default.css
[00:19:30.100] GET /js/jquery.min.js
[00:19:30.100] GET /js/jquery.qrcode.min.js
[00:19:30.101] GET /js/rx.lite.js
[00:19:30.108] GET /js/mustache.min.js
[00:19:30.109] GET /js/sweetalert.min.js
[00:19:30.109] GET /js/utility.js
[00:19:30.110] GET /js/main.js
[00:19:30.240] GET /remote
[00:19:30.279] GET /css/remote.css
[00:19:30.284] GET /js/remote.js?_=1470003465670
[00:19:49.176] GET /index.html
[00:19:49.219] GET /css/normalize.css
[00:19:49.220] GET /css/sweetalert.css
[00:19:49.237] GET /css/default.css
[00:19:49.238] GET /js/jquery.min.js
[00:19:49.238] GET /js/jquery.qrcode.min.js
[00:19:49.240] GET /js/rx.lite.js
[00:19:49.254] GET /js/mustache.min.js
[00:19:49.254] GET /js/sweetalert.min.js
[00:19:49.255] GET /js/utility.js
[00:19:49.257] GET /js/main.js
[00:19:49.427] GET /sync
[00:19:49.446] GET /css/sync.css
[00:19:49.451] GET /js/sync.js?_=1470003589290
[00:19:51.283] GET /remote
[00:19:51.294] GET /css/remote.css
[00:19:51.295] GET /js/remote.js?_=1470003589291
[00:19:59.815] GET /remote
[00:19:59.859] GET /css/remote.css
[00:19:59.862] GET /js/remote.js?_=1470003589292
[00:20:42.945] GET /index.html
[00:20:42.964] GET /css/normalize.css
[00:20:42.964] GET /css/sweetalert.css
[00:20:42.965] GET /css/default.css
[00:20:42.965] GET /js/jquery.min.js
[00:20:42.966] GET /js/jquery.qrcode.min.js
[00:20:42.967] GET /js/rx.lite.js
[00:20:42.981] GET /js/mustache.min.js
[00:20:42.983] GET /js/sweetalert.min.js
[00:20:42.984] GET /js/utility.js
[00:20:42.984] GET /js/main.js
[00:20:43.158] GET /remote
[00:20:43.180] GET /css/remote.css
[00:20:43.185] GET /js/remote.js?_=1470003643024
[00:20:53.591] GET /index.html
[00:20:53.604] GET /css/normalize.css
[00:20:53.611] GET /css/sweetalert.css
[00:20:53.615] GET /css/default.css
[00:20:53.616] GET /js/jquery.min.js
[00:20:53.617] GET /js/jquery.qrcode.min.js
[00:20:53.617] GET /js/rx.lite.js
[00:20:53.619] GET /js/mustache.min.js
[00:20:53.620] GET /js/sweetalert.min.js
[00:20:53.625] GET /js/utility.js
[00:20:53.626] GET /js/main.js
[00:20:53.805] GET /remote
[00:20:53.820] GET /css/remote.css
[00:20:53.823] GET /js/remote.js?_=1470003653666
[00:20:58.793] GET /remote
[00:20:58.804] GET /css/remote.css
[00:20:58.806] GET /js/remote.js?_=1470003653667
[00:22:13.162] GET /index.html
[00:22:13.176] GET /css/normalize.css
[00:22:13.187] GET /css/sweetalert.css
[00:22:13.188] GET /css/default.css
[00:22:13.188] GET /js/jquery.min.js
[00:22:13.189] GET /js/jquery.qrcode.min.js
[00:22:13.191] GET /js/rx.lite.js
[00:22:13.191] GET /js/mustache.min.js
[00:22:13.196] GET /js/sweetalert.min.js
[00:22:13.203] GET /js/utility.js
[00:22:13.205] GET /js/main.js
[00:22:13.394] GET /undefined
[00:22:13.398] GET /sync
[00:22:13.424] GET /css/sync.css
[00:22:13.429] GET /js/sync.js?_=1470003733244
[00:22:38.153] GET /index.html
[00:22:38.181] GET /css/normalize.css
[00:22:38.182] GET /css/sweetalert.css
[00:22:38.183] GET /css/default.css
[00:22:38.184] GET /js/jquery.min.js
[00:22:38.184] GET /js/jquery.qrcode.min.js
[00:22:38.185] GET /js/rx.lite.js
[00:22:38.190] GET /js/mustache.min.js
[00:22:38.196] GET /js/sweetalert.min.js
[00:22:38.200] GET /js/utility.js
[00:22:38.205] GET /js/main.js
[00:22:38.371] GET /
[00:22:38.375] GET /sync
[00:22:38.391] GET /css/normalize.css
[00:22:38.392] GET /css/sweetalert.css
[00:22:38.393] GET /css/default.css
[00:22:38.399] GET /js/jquery.min.js
[00:22:38.447] GET /js/jquery.qrcode.min.js
[00:22:38.456] GET /js/rx.lite.js
[00:22:38.515] GET /js/mustache.min.js
[00:22:38.523] GET /js/sweetalert.min.js
[00:22:38.536] GET /js/utility.js
[00:22:38.541] GET /js/main.js
[00:22:38.550] GET /js/.js?_=1470003758234
[00:22:38.554] GET /css/sync.css
[00:22:38.557] GET /js/sync.js?_=1470003758235
[00:22:38.652] GET /
[00:22:38.656] GET /sync
[00:22:38.682] GET /css/normalize.css
[00:22:38.682] GET /css/sweetalert.css
[00:22:38.683] GET /css/default.css
[00:22:38.690] GET /js/jquery.min.js
[00:22:38.765] GET /js/jquery.qrcode.min.js
[00:22:38.775] GET /js/rx.lite.js
[00:22:38.824] GET /js/mustache.min.js
[00:22:38.830] GET /js/sweetalert.min.js
[00:22:38.840] GET /js/utility.js
[00:22:38.846] GET /js/main.js
[00:22:38.856] GET /js/.js?_=1470003758441
[00:22:38.859] GET /css/sync.css
[00:22:38.864] GET /js/sync.js?_=1470003758442
[00:22:38.921] GET /
[00:22:38.924] GET /sync
[00:22:38.949] GET /css/normalize.css
[00:22:38.950] GET /css/sweetalert.css
[00:22:38.951] GET /css/default.css
[00:22:38.958] GET /js/jquery.min.js
[00:22:39.014] GET /js/jquery.qrcode.min.js
[00:22:39.021] GET /js/rx.lite.js
[00:22:39.058] GET /js/mustache.min.js
[00:22:39.067] GET /js/sweetalert.min.js
[00:22:39.082] GET /js/utility.js
[00:22:39.086] GET /js/main.js
[00:22:39.100] GET /js/.js?_=1470003758757
[00:22:39.105] GET /css/sync.css
[00:22:39.108] GET /js/sync.js?_=1470003758758
[00:22:39.209] GET /
[00:22:39.211] GET /sync
[00:22:39.223] GET /css/normalize.css
[00:22:39.224] GET /css/sweetalert.css
[00:22:39.224] GET /css/default.css
[00:22:39.230] GET /js/jquery.min.js
[00:22:39.293] GET /js/jquery.qrcode.min.js
[00:22:39.302] GET /js/rx.lite.js
[00:22:39.352] GET /js/mustache.min.js
[00:22:39.365] GET /js/sweetalert.min.js
[00:22:39.377] GET /js/utility.js
[00:22:39.384] GET /js/main.js
[00:22:39.392] GET /js/.js?_=1470003759008
[00:22:39.395] GET /css/sync.css
[00:22:39.397] GET /js/sync.js?_=1470003759009
[00:22:39.449] GET /
[00:22:39.451] GET /sync
[00:22:39.467] GET /css/normalize.css
[00:22:39.468] GET /css/sweetalert.css
[00:22:39.469] GET /css/default.css
[00:22:39.473] GET /js/jquery.min.js
[00:22:39.516] GET /js/jquery.qrcode.min.js
[00:22:39.522] GET /js/rx.lite.js
[00:22:39.561] GET /js/mustache.min.js
[00:22:39.571] GET /js/sweetalert.min.js
[00:22:39.586] GET /js/utility.js
[00:22:39.590] GET /js/main.js
[00:22:39.598] GET /js/.js?_=1470003759281
[00:22:39.603] GET /css/sync.css
[00:22:39.607] GET /js/sync.js?_=1470003759282
[00:22:39.663] GET /
[00:22:39.665] GET /sync
[00:22:39.671] GET /css/normalize.css
[00:22:39.672] GET /css/sweetalert.css
[00:22:39.673] GET /css/default.css
[00:22:39.676] GET /js/jquery.min.js
[00:22:39.721] GET /js/jquery.qrcode.min.js
[00:22:39.727] GET /js/rx.lite.js
[00:22:39.768] GET /js/mustache.min.js
[00:22:39.774] GET /js/sweetalert.min.js
[00:22:39.786] GET /js/utility.js
[00:22:39.789] GET /js/main.js
[00:22:39.796] GET /js/.js?_=1470003759510
[00:22:39.805] GET /css/sync.css
[00:22:39.809] GET /js/sync.js?_=1470003759511
[00:22:39.864] GET /
[00:22:39.870] GET /sync
[00:22:39.877] GET /css/normalize.css
[00:22:39.877] GET /css/sweetalert.css
[00:22:39.878] GET /css/default.css
[00:22:39.883] GET /js/jquery.min.js
[00:22:39.923] GET /js/jquery.qrcode.min.js
[00:22:39.931] GET /js/rx.lite.js
[00:22:39.969] GET /js/mustache.min.js
[00:22:39.981] GET /js/sweetalert.min.js
[00:22:39.993] GET /js/utility.js
[00:22:40.001] GET /js/main.js
[00:22:40.007] GET /js/.js?_=1470003759711
[00:22:40.013] GET /css/sync.css
[00:22:40.016] GET /js/sync.js?_=1470003759712
[00:22:40.078] GET /
[00:22:40.080] GET /sync
[00:22:40.089] GET /css/normalize.css
[00:22:40.090] GET /css/sweetalert.css
[00:22:40.091] GET /css/default.css
[00:22:40.095] GET /js/jquery.min.js
[00:22:40.134] GET /js/jquery.qrcode.min.js
[00:22:40.144] GET /js/rx.lite.js
[00:22:40.183] GET /js/mustache.min.js
[00:22:40.192] GET /js/sweetalert.min.js
[00:22:40.203] GET /js/utility.js
[00:22:40.210] GET /js/main.js
[00:22:40.218] GET /js/.js?_=1470003759918
[00:22:40.224] GET /css/sync.css
[00:22:40.227] GET /js/sync.js?_=1470003759919
[00:22:40.291] GET /
[00:22:40.293] GET /sync
[00:22:40.305] GET /css/normalize.css
[00:22:40.305] GET /css/sweetalert.css
[00:22:40.306] GET /css/default.css
[00:22:40.309] GET /js/jquery.min.js
[00:22:40.349] GET /js/jquery.qrcode.min.js
[00:22:40.359] GET /js/rx.lite.js
[00:22:40.398] GET /js/mustache.min.js
[00:22:40.407] GET /js/sweetalert.min.js
[00:22:40.418] GET /js/utility.js
[00:22:40.424] GET /js/main.js
[00:22:40.433] GET /js/.js?_=1470003760129
[00:22:40.435] GET /css/sync.css
[00:22:40.436] GET /js/sync.js?_=1470003760130
[00:22:40.490] GET /
[00:22:40.492] GET /sync
[00:22:40.502] GET /css/normalize.css
[00:22:40.502] GET /css/sweetalert.css
[00:22:40.503] GET /css/default.css
[00:22:40.508] GET /js/jquery.min.js
[00:22:40.554] GET /js/jquery.qrcode.min.js
[00:22:40.560] GET /js/rx.lite.js
[00:22:40.605] GET /js/mustache.min.js
[00:22:40.612] GET /js/sweetalert.min.js
[00:22:40.623] GET /js/utility.js
[00:22:40.627] GET /js/main.js
[00:22:40.636] GET /js/.js?_=1470003760343
[00:22:40.644] GET /css/sync.css
[00:22:40.647] GET /js/sync.js?_=1470003760344
[00:22:40.708] GET /
[00:22:40.711] GET /sync
[00:22:40.721] GET /css/normalize.css
[00:22:40.721] GET /css/sweetalert.css
[00:22:40.722] GET /css/default.css
[00:22:40.729] GET /js/jquery.min.js
[00:22:40.771] GET /js/jquery.qrcode.min.js
[00:22:40.780] GET /js/rx.lite.js
[00:22:40.817] GET /js/mustache.min.js
[00:22:40.827] GET /js/sweetalert.min.js
[00:22:40.837] GET /js/utility.js
[00:22:40.842] GET /js/main.js
[00:22:40.850] GET /js/.js?_=1470003760548
[00:22:40.853] GET /css/sync.css
[00:22:40.858] GET /js/sync.js?_=1470003760549
[00:22:40.880] GET /
[00:22:40.882] GET /sync
[00:22:40.920] GET /css/normalize.css
[00:22:40.920] GET /css/sweetalert.css
[00:22:40.921] GET /css/default.css
[00:22:40.926] GET /js/jquery.min.js
[00:22:40.970] GET /js/jquery.qrcode.min.js
[00:22:40.976] GET /js/rx.lite.js
[00:22:41.020] GET /js/mustache.min.js
[00:22:41.027] GET /js/sweetalert.min.js
[00:22:41.037] GET /js/utility.js
[00:22:41.044] GET /js/main.js
[00:22:41.052] GET /js/.js?_=1470003760765
[00:22:41.055] GET /css/sync.css
[00:22:41.056] GET /js/sync.js?_=1470003760766
[00:22:41.118] GET /
[00:22:41.123] GET /sync
[00:22:41.137] GET /css/normalize.css
[00:22:41.138] GET /css/sweetalert.css
[00:22:41.139] GET /css/default.css
[00:22:41.142] GET /js/jquery.min.js
[00:22:41.179] GET /js/jquery.qrcode.min.js
[00:22:41.190] GET /js/rx.lite.js
[00:22:41.232] GET /js/mustache.min.js
[00:22:41.241] GET /js/sweetalert.min.js
[00:22:41.252] GET /js/utility.js
[00:22:41.259] GET /js/main.js
[00:22:41.266] GET /js/.js?_=1470003760966
[00:22:41.268] GET /css/sync.css
[00:22:41.271] GET /js/sync.js?_=1470003760967
[00:22:41.324] GET /
[00:22:41.328] GET /sync
[00:22:41.337] GET /css/normalize.css
[00:22:41.338] GET /css/sweetalert.css
[00:22:41.338] GET /css/default.css
[00:22:41.345] GET /js/jquery.min.js
[00:22:41.388] GET /js/jquery.qrcode.min.js
[00:22:41.396] GET /js/rx.lite.js
[00:22:41.435] GET /js/mustache.min.js
[00:22:41.447] GET /js/sweetalert.min.js
[00:22:41.456] GET /js/utility.js
[00:22:41.463] GET /js/main.js
[00:22:41.469] GET /js/.js?_=1470003761175
[00:22:41.477] GET /css/sync.css
[00:22:41.479] GET /js/sync.js?_=1470003761176
[00:22:41.542] GET /
[00:22:41.543] GET /sync
[00:22:41.561] GET /css/normalize.css
[00:22:41.562] GET /css/sweetalert.css
[00:22:41.563] GET /css/default.css
[00:22:41.564] GET /js/jquery.min.js
[00:22:41.610] GET /js/jquery.qrcode.min.js
[00:22:41.617] GET /js/rx.lite.js
[00:22:41.656] GET /js/mustache.min.js
[00:22:41.663] GET /js/sweetalert.min.js
[00:22:41.671] GET /js/utility.js
[00:22:41.676] GET /js/main.js
[00:22:41.686] GET /js/.js?_=1470003761382
[00:22:41.691] GET /css/sync.css
[00:22:41.695] GET /js/sync.js?_=1470003761383
[00:22:41.748] GET /
[00:22:41.750] GET /sync
[00:22:41.762] GET /css/normalize.css
[00:22:41.763] GET /css/sweetalert.css
[00:22:41.764] GET /css/default.css
[00:22:41.780] GET /js/jquery.min.js
[00:22:41.817] GET /js/jquery.qrcode.min.js
[00:22:41.828] GET /js/rx.lite.js
[00:22:41.869] GET /js/mustache.min.js
[00:22:41.876] GET /js/sweetalert.min.js
[00:22:41.891] GET /js/utility.js
[00:22:41.897] GET /js/main.js
[00:22:41.904] GET /js/.js?_=1470003761606
[00:22:41.911] GET /css/sync.css
[00:22:41.912] GET /js/sync.js?_=1470003761607
[00:22:41.965] GET /
[00:22:41.971] GET /sync
[00:22:41.985] GET /css/normalize.css
[00:22:41.986] GET /css/sweetalert.css
[00:22:41.986] GET /css/default.css
[00:22:41.989] GET /js/jquery.min.js
[00:22:42.032] GET /js/jquery.qrcode.min.js
[00:22:42.053] GET /js/rx.lite.js
[00:22:42.105] GET /js/mustache.min.js
[00:22:42.121] GET /js/sweetalert.min.js
[00:22:42.130] GET /js/utility.js
[00:22:42.133] GET /js/main.js
[00:22:42.139] GET /js/.js?_=1470003761812
[00:22:42.142] GET /css/sync.css
[00:22:42.143] GET /js/sync.js?_=1470003761813
[00:22:42.761] GET /
[00:22:42.763] GET /sync
[00:22:42.769] GET /css/normalize.css
[00:22:42.769] GET /css/sweetalert.css
[00:22:42.770] GET /css/default.css
[00:22:42.776] GET /js/jquery.min.js
[00:22:42.807] GET /js/jquery.qrcode.min.js
[00:22:42.813] GET /js/rx.lite.js
[00:22:42.845] GET /js/mustache.min.js
[00:22:42.852] GET /js/sweetalert.min.js
[00:22:42.861] GET /js/utility.js
[00:22:42.865] GET /js/main.js
[00:22:42.869] GET /js/.js?_=1470003762026
[00:22:42.873] GET /css/sync.css
[00:22:42.875] GET /js/sync.js?_=1470003762027
[00:22:44.758] GET /
[00:22:44.759] GET /sync
[00:22:44.765] GET /css/normalize.css
[00:22:44.766] GET /css/sweetalert.css
[00:22:44.766] GET /css/default.css
[00:22:44.769] GET /js/jquery.min.js
[00:22:44.794] GET /js/jquery.qrcode.min.js
[00:22:44.800] GET /js/rx.lite.js
[00:22:44.831] GET /js/mustache.min.js
[00:22:44.837] GET /js/sweetalert.min.js
[00:22:44.847] GET /js/utility.js
[00:22:44.851] GET /js/main.js
[00:22:44.856] GET /js/.js?_=1470003762802
[00:22:44.859] GET /css/sync.css
[00:22:44.861] GET /js/sync.js?_=1470003762803
[00:22:46.250] GET /
[00:22:46.250] GET /sync
[00:22:46.262] GET /css/normalize.css
[00:22:46.262] GET /css/sweetalert.css
[00:22:46.263] GET /css/default.css
[00:22:46.264] GET /js/jquery.min.js
[00:22:46.316] GET /js/jquery.qrcode.min.js
[00:22:46.323] GET /js/rx.lite.js
[00:22:46.365] GET /js/mustache.min.js
[00:22:46.373] GET /js/sweetalert.min.js
[00:22:46.382] GET /js/utility.js
[00:22:46.387] GET /js/main.js
[00:22:46.395] GET /js/.js?_=1470003764791
[00:22:46.399] GET /css/sync.css
[00:22:46.401] GET /js/sync.js?_=1470003764792
[00:22:46.453] GET /
[00:22:46.455] GET /sync
[00:22:46.465] GET /css/normalize.css
[00:22:46.465] GET /css/sweetalert.css
[00:22:46.466] GET /css/default.css
[00:22:46.469] GET /js/jquery.min.js
[00:22:46.511] GET /js/jquery.qrcode.min.js
[00:22:46.520] GET /js/rx.lite.js
[00:22:46.556] GET /js/mustache.min.js
[00:22:46.564] GET /js/sweetalert.min.js
[00:22:46.576] GET /js/utility.js
[00:22:46.580] GET /js/main.js
[00:22:46.586] GET /js/.js?_=1470003766308
[00:22:46.592] GET /css/sync.css
[00:22:46.594] GET /js/sync.js?_=1470003766309
[00:22:46.663] GET /
[00:22:46.667] GET /sync
[00:22:46.679] GET /css/normalize.css
[00:22:46.680] GET /css/sweetalert.css
[00:22:46.680] GET /css/default.css
[00:22:46.685] GET /js/jquery.min.js
[00:22:46.729] GET /js/jquery.qrcode.min.js
[00:22:46.735] GET /js/rx.lite.js
[00:22:46.775] GET /js/mustache.min.js
[00:22:46.782] GET /js/sweetalert.min.js
[00:22:46.791] GET /js/utility.js
[00:22:46.795] GET /js/main.js
[00:22:46.802] GET /js/.js?_=1470003766506
[00:22:46.813] GET /css/sync.css
[00:22:46.816] GET /js/sync.js?_=1470003766507
[00:22:46.879] GET /
[00:22:46.882] GET /sync
[00:22:46.896] GET /css/normalize.css
[00:22:46.896] GET /css/sweetalert.css
[00:22:46.897] GET /css/default.css
[00:22:46.901] GET /js/jquery.min.js
[00:22:46.946] GET /js/jquery.qrcode.min.js
[00:22:46.955] GET /js/rx.lite.js
[00:22:47.002] GET /js/mustache.min.js
[00:22:47.012] GET /js/sweetalert.min.js
[00:22:47.023] GET /js/utility.js
[00:22:47.027] GET /js/main.js
[00:22:47.033] GET /js/.js?_=1470003766725
[00:22:47.041] GET /css/sync.css
[00:22:47.044] GET /js/sync.js?_=1470003766726
[00:22:47.107] GET /
[00:22:47.109] GET /sync
[00:22:47.116] GET /css/normalize.css
[00:22:47.116] GET /css/sweetalert.css
[00:22:47.117] GET /css/default.css
[00:22:47.120] GET /js/jquery.min.js
[00:22:47.163] GET /js/jquery.qrcode.min.js
[00:22:47.177] GET /js/rx.lite.js
[00:22:47.213] GET /js/mustache.min.js
[00:22:47.221] GET /js/sweetalert.min.js
[00:22:47.234] GET /js/utility.js
[00:22:47.238] GET /js/main.js
[00:22:47.243] GET /js/.js?_=1470003766942
[00:22:47.246] GET /css/sync.css
[00:22:47.248] GET /js/sync.js?_=1470003766943
[00:22:47.315] GET /
[00:22:47.319] GET /sync
[00:22:47.331] GET /css/normalize.css
[00:22:47.332] GET /css/sweetalert.css
[00:22:47.332] GET /css/default.css
[00:22:47.336] GET /js/jquery.min.js
[00:22:47.379] GET /js/jquery.qrcode.min.js
[00:22:47.404] GET /js/rx.lite.js
[00:22:47.441] GET /js/mustache.min.js
[00:22:47.450] GET /js/sweetalert.min.js
[00:22:47.460] GET /js/utility.js
[00:22:47.467] GET /js/main.js
[00:22:47.474] GET /js/.js?_=1470003767159
[00:22:47.479] GET /css/sync.css
[00:22:47.481] GET /js/sync.js?_=1470003767160
[00:22:47.540] GET /
[00:22:47.543] GET /sync
[00:22:47.556] GET /css/normalize.css
[00:22:47.557] GET /css/sweetalert.css
[00:22:47.557] GET /css/default.css
[00:22:47.562] GET /js/jquery.min.js
[00:22:47.605] GET /js/jquery.qrcode.min.js
[00:22:47.618] GET /js/rx.lite.js
[00:22:47.652] GET /js/mustache.min.js
[00:22:47.662] GET /js/sweetalert.min.js
[00:22:47.672] GET /js/utility.js
[00:22:47.676] GET /js/main.js
[00:22:47.684] GET /js/.js?_=1470003767375
[00:22:47.689] GET /css/sync.css
[00:22:47.692] GET /js/sync.js?_=1470003767376
[00:22:47.749] GET /
[00:22:47.753] GET /sync
[00:22:47.769] GET /css/normalize.css
[00:22:47.770] GET /css/sweetalert.css
[00:22:47.770] GET /css/default.css
[00:22:47.771] GET /js/jquery.min.js
[00:22:47.819] GET /js/jquery.qrcode.min.js
[00:22:47.826] GET /js/rx.lite.js
[00:22:47.863] GET /js/mustache.min.js
[00:22:47.872] GET /js/sweetalert.min.js
[00:22:47.886] GET /js/utility.js
[00:22:47.891] GET /js/main.js
[00:22:47.896] GET /js/.js?_=1470003767598
[00:22:47.900] GET /css/sync.css
[00:22:47.901] GET /js/sync.js?_=1470003767599
[00:22:47.958] GET /
[00:22:47.961] GET /sync
[00:22:47.970] GET /css/normalize.css
[00:22:47.971] GET /css/sweetalert.css
[00:22:47.971] GET /css/default.css
[00:22:47.975] GET /js/jquery.min.js
[00:22:48.015] GET /js/jquery.qrcode.min.js
[00:22:48.024] GET /js/rx.lite.js
[00:22:48.056] GET /js/mustache.min.js
[00:22:48.062] GET /js/sweetalert.min.js
[00:22:48.076] GET /js/utility.js
[00:22:48.081] GET /js/main.js
[00:22:48.087] GET /js/.js?_=1470003767813
[00:22:48.096] GET /css/sync.css
[00:22:48.099] GET /js/sync.js?_=1470003767814
[00:22:48.120] GET /
[00:22:48.122] GET /sync
[00:22:48.163] GET /css/normalize.css
[00:22:48.164] GET /css/sweetalert.css
[00:22:48.164] GET /css/default.css
[00:22:48.169] GET /js/jquery.min.js
[00:22:48.211] GET /js/jquery.qrcode.min.js
[00:22:48.222] GET /js/rx.lite.js
[00:22:48.257] GET /js/mustache.min.js
[00:22:48.263] GET /js/sweetalert.min.js
[00:22:48.273] GET /js/utility.js
[00:22:48.277] GET /js/main.js
[00:22:48.283] GET /js/.js?_=1470003768009
[00:22:48.287] GET /js/sync.js?_=1470003768010
[00:22:48.288] GET /css/sync.css
[00:22:48.348] GET /
[00:22:48.350] GET /sync
[00:22:48.360] GET /css/normalize.css
[00:22:48.361] GET /css/sweetalert.css
[00:22:48.361] GET /css/default.css
[00:22:48.365] GET /js/jquery.min.js
[00:22:48.403] GET /js/jquery.qrcode.min.js
[00:22:48.411] GET /js/rx.lite.js
[00:22:48.453] GET /js/mustache.min.js
[00:22:48.460] GET /js/sweetalert.min.js
[00:22:48.472] GET /js/utility.js
[00:22:48.476] GET /js/main.js
[00:22:48.504] GET /js/.js?_=1470003768201
[00:22:48.509] GET /css/sync.css
[00:22:48.511] GET /js/sync.js?_=1470003768202
[00:22:48.577] GET /
[00:22:48.579] GET /sync
[00:22:48.593] GET /css/normalize.css
[00:22:48.594] GET /css/sweetalert.css
[00:22:48.594] GET /css/default.css
[00:22:48.597] GET /js/jquery.min.js
[00:22:48.630] GET /js/jquery.qrcode.min.js
[00:22:48.637] GET /js/rx.lite.js
[00:22:48.673] GET /js/mustache.min.js
[00:22:48.679] GET /js/sweetalert.min.js
[00:22:48.688] GET /js/utility.js
[00:22:48.692] GET /js/main.js
[00:22:48.698] GET /js/.js?_=1470003768399
[00:22:48.706] GET /css/sync.css
[00:22:48.708] GET /js/sync.js?_=1470003768400
[00:22:48.763] GET /
[00:22:48.765] GET /sync
[00:22:48.776] GET /css/normalize.css
[00:22:48.776] GET /css/sweetalert.css
[00:22:48.777] GET /css/default.css
[00:22:48.780] GET /js/jquery.min.js
[00:22:48.827] GET /js/jquery.qrcode.min.js
[00:22:48.837] GET /js/rx.lite.js
[00:22:48.875] GET /js/mustache.min.js
[00:22:48.881] GET /js/sweetalert.min.js
[00:22:48.894] GET /js/utility.js
[00:22:48.901] GET /js/main.js
[00:22:48.907] GET /js/.js?_=1470003768626
[00:22:48.911] GET /css/sync.css
[00:22:48.913] GET /js/sync.js?_=1470003768627
[00:22:48.971] GET /
[00:22:48.973] GET /sync
[00:22:48.986] GET /css/normalize.css
[00:22:48.988] GET /css/sweetalert.css
[00:22:48.990] GET /css/default.css
[00:22:48.993] GET /js/jquery.min.js
[00:22:49.037] GET /js/jquery.qrcode.min.js
[00:22:49.046] GET /js/rx.lite.js
[00:22:49.088] GET /js/mustache.min.js
[00:22:49.094] GET /js/sweetalert.min.js
[00:22:49.109] GET /js/utility.js
[00:22:49.113] GET /js/main.js
[00:22:49.153] GET /js/.js?_=1470003768815
[00:22:49.154] GET /js/sync.js?_=1470003768816
[00:22:49.154] GET /css/sync.css
[00:22:49.158] GET /
[00:22:49.161] GET /sync
[00:22:49.185] GET /css/normalize.css
[00:22:49.185] GET /css/sweetalert.css
[00:22:49.186] GET /css/default.css
[00:22:49.189] GET /js/jquery.min.js
[00:22:49.244] GET /js/jquery.qrcode.min.js
[00:22:49.250] GET /js/rx.lite.js
[00:22:49.291] GET /js/mustache.min.js
[00:22:49.296] GET /js/sweetalert.min.js
[00:22:49.305] GET /js/utility.js
[00:22:49.309] GET /js/main.js
[00:22:49.315] GET /js/.js?_=1470003769030
[00:22:49.321] GET /css/sync.css
[00:22:49.323] GET /js/sync.js?_=1470003769031
[00:22:49.724] GET /
[00:22:49.728] GET /sync
[00:22:49.735] GET /css/normalize.css
[00:22:49.735] GET /css/sweetalert.css
[00:22:49.736] GET /css/default.css
[00:22:49.739] GET /js/jquery.min.js
[00:22:49.771] GET /js/jquery.qrcode.min.js
[00:22:49.776] GET /js/rx.lite.js
[00:22:49.806] GET /js/mustache.min.js
[00:22:49.813] GET /js/sweetalert.min.js
[00:22:49.822] GET /js/utility.js
[00:22:49.826] GET /js/main.js
[00:22:49.830] GET /js/.js?_=1470003769239
[00:22:49.834] GET /css/sync.css
[00:22:49.836] GET /js/sync.js?_=1470003769240
[00:22:51.788] GET /
[00:22:51.789] GET /sync
[00:22:51.795] GET /css/normalize.css
[00:22:51.796] GET /css/sweetalert.css
[00:22:51.796] GET /css/default.css
[00:22:51.799] GET /js/jquery.min.js
[00:22:51.828] GET /js/jquery.qrcode.min.js
[00:22:51.834] GET /js/rx.lite.js
[00:22:51.867] GET /js/mustache.min.js
[00:22:51.873] GET /js/sweetalert.min.js
[00:22:51.882] GET /js/utility.js
[00:22:51.886] GET /js/main.js
[00:22:51.892] GET /js/.js?_=1470003769767
[00:22:51.896] GET /css/sync.css
[00:22:51.898] GET /js/sync.js?_=1470003769768
[00:22:52.101] GET /undefined
[00:22:52.107] GET /sync
[00:22:52.140] GET /css/sync.css
[00:22:52.146] GET /js/sync.js?_=1470003771825
[00:22:52.532] GET /index.html
[00:22:52.555] GET /css/normalize.css
[00:22:52.555] GET /css/sweetalert.css
[00:22:52.556] GET /css/default.css
[00:22:52.557] GET /js/jquery.min.js
[00:22:52.557] GET /js/jquery.qrcode.min.js
[00:22:52.557] GET /js/rx.lite.js
[00:22:52.558] GET /js/mustache.min.js
[00:22:52.558] GET /js/sweetalert.min.js
[00:22:52.567] GET /js/utility.js
[00:22:52.568] GET /js/main.js
[00:22:52.717] GET /undefined
[00:22:52.720] GET /sync
[00:22:52.744] GET /css/sync.css
[00:22:52.747] GET /js/sync.js?_=1470003772608
[00:23:17.389] GET /index.html
[00:23:17.403] GET /css/normalize.css
[00:23:17.405] GET /css/sweetalert.css
[00:23:17.407] GET /css/default.css
[00:23:17.408] GET /js/jquery.min.js
[00:23:17.408] GET /js/jquery.qrcode.min.js
[00:23:17.410] GET /js/rx.lite.js
[00:23:17.410] GET /js/mustache.min.js
[00:23:17.414] GET /js/sweetalert.min.js
[00:23:17.417] GET /js/utility.js
[00:23:17.417] GET /js/main.js
[00:23:17.583] GET /sync
[00:23:17.590] GET /css/sync.css
[00:23:17.593] GET /js/sync.js?_=1470003797454
[00:23:30.927] GET /index.html
[00:23:30.944] GET /css/normalize.css
[00:23:30.945] GET /css/default.css
[00:23:30.946] GET /css/sweetalert.css
[00:23:30.946] GET /js/jquery.min.js
[00:23:30.947] GET /js/jquery.qrcode.min.js
[00:23:30.947] GET /js/rx.lite.js
[00:23:30.948] GET /js/mustache.min.js
[00:23:30.952] GET /js/sweetalert.min.js
[00:23:30.954] GET /js/utility.js
[00:23:30.954] GET /js/main.js
[00:23:31.135] GET /sync
[00:23:31.155] GET /css/sync.css
[00:23:31.160] GET /js/sync.js?_=1470003810999
[00:23:36.986] GET /index.html
[00:23:36.998] GET /css/normalize.css
[00:23:36.998] GET /css/sweetalert.css
[00:23:36.999] GET /css/default.css
[00:23:36.999] GET /js/jquery.min.js
[00:23:36.999] GET /js/jquery.qrcode.min.js
[00:23:37.001] GET /js/rx.lite.js
[00:23:37.006] GET /js/mustache.min.js
[00:23:37.007] GET /js/sweetalert.min.js
[00:23:37.007] GET /js/utility.js
[00:23:37.007] GET /js/main.js
[00:23:37.648] GET /remote
[00:23:37.658] GET /css/remote.css
[00:23:37.660] GET /js/remote.js?_=1470003817045
[00:23:37.701] GET /remote
[00:23:37.711] GET /css/remote.css
[00:23:37.714] GET /js/remote.js?_=1470003811000
[00:23:40.060] GET /
[00:23:40.066] GET /css/normalize.css
[00:23:40.067] GET /css/sweetalert.css
[00:23:40.068] GET /css/default.css
[00:23:40.071] GET /js/jquery.min.js
[00:23:40.117] GET /js/jquery.qrcode.min.js
[00:23:40.122] GET /js/rx.lite.js
[00:23:40.160] GET /js/mustache.min.js
[00:23:40.169] GET /js/sweetalert.min.js
[00:23:40.177] GET /js/utility.js
[00:23:40.183] GET /js/main.js
[00:23:40.190] GET /js/.js?_=1470003811001
[00:23:40.219] GET /sync
[00:23:40.238] GET /css/sync.css
[00:23:40.240] GET /js/sync.js?_=1470003820111
[00:23:40.242] GET /js/sync.js?_=1470003820112
[00:24:33.488] GET /index.html
[00:24:33.507] GET /css/normalize.css
[00:24:33.508] GET /css/sweetalert.css
[00:24:33.513] GET /css/default.css
[00:24:33.513] GET /js/jquery.min.js
[00:24:33.514] GET /js/jquery.qrcode.min.js
[00:24:33.514] GET /js/rx.lite.js
[00:24:33.515] GET /js/mustache.min.js
[00:24:33.516] GET /js/sweetalert.min.js
[00:24:33.522] GET /js/utility.js
[00:24:33.523] GET /js/main.js
[00:24:33.679] GET /sync
[00:24:33.700] GET /css/sync.css
[00:24:33.703] GET /js/sync.js?_=1470003873581
[00:24:35.807] GET /remote
[00:24:35.816] GET /css/remote.css
[00:24:35.818] GET /js/remote.js?_=1470003873582
[00:24:37.078] GET /sync
[00:24:37.084] GET /css/sync.css
[00:24:37.086] GET /js/sync.js?_=1470003873583
[00:24:39.491] GET /remote
[00:24:39.497] GET /css/remote.css
[00:24:39.501] GET /js/remote.js?_=1470003873584
[00:24:41.160] GET /sync
[00:24:41.165] GET /css/sync.css
[00:24:41.166] GET /js/sync.js?_=1470003873585
[00:25:51.630] GET /index.html
[00:25:51.649] GET /css/normalize.css
[00:25:51.650] GET /css/sweetalert.css
[00:25:51.650] GET /css/default.css
[00:25:51.651] GET /js/jquery.min.js
[00:25:51.653] GET /js/jquery.qrcode.min.js
[00:25:51.654] GET /js/rx.lite.js
[00:25:51.655] GET /js/mustache.min.js
[00:25:51.655] GET /js/sweetalert.min.js
[00:25:51.656] GET /js/utility.js
[00:25:51.656] GET /js/main.js
[00:25:51.817] GET /sync
[00:25:51.843] GET /css/sync.css
[00:25:51.847] GET /js/sync.js?_=1470003951696
[00:25:53.421] GET /remote
[00:25:53.430] GET /css/remote.css
[00:25:53.432] GET /js/remote.js?_=1470003951697
[00:25:56.462] GET /sync
[00:25:56.469] GET /css/sync.css
[00:25:56.471] GET /js/sync.js?_=1470003951698
[00:25:58.576] GET /remote
[00:25:58.583] GET /css/remote.css
[00:25:58.587] GET /js/remote.js?_=1470003951699
[00:26:01.160] GET /sync
[00:26:01.165] GET /css/sync.css
[00:26:01.168] GET /js/sync.js?_=1470003951700
[00:26:02.690] GET /remote
[00:26:02.698] GET /css/remote.css
[00:26:02.700] GET /js/remote.js?_=1470003951701
[00:26:03.817] GET /sync
[00:26:03.822] GET /css/sync.css
[00:26:03.825] GET /js/sync.js?_=1470003951702
